TN:
SF:contracts/core/OrangeAlphaVault.sol
FN:118,OrangeAlphaVault.totalAssets
FNDA:5,OrangeAlphaVault.totalAssets
DA:119,5
BRDA:119,0,0,1
BRDA:119,0,1,4
DA:120,1
DA:122,4
FN:126,OrangeAlphaVault.convertToShares
FNDA:2,OrangeAlphaVault.convertToShares
DA:127,2
FN:131,OrangeAlphaVault.convertToAssets
FNDA:2,OrangeAlphaVault.convertToAssets
DA:132,2
FN:136,OrangeAlphaVault.getUnderlyingBalances
FNDA:7,OrangeAlphaVault.getUnderlyingBalances
DA:141,7
FN:145,OrangeAlphaVault.computeSupplyAndBorrow
FNDA:2,OrangeAlphaVault.computeSupplyAndBorrow
DA:150,2
FN:154,OrangeAlphaVault.getLtvByRange
FNDA:5,OrangeAlphaVault.getLtvByRange
DA:155,5
FN:159,OrangeAlphaVault.computeSwapAmount
FNDA:4,OrangeAlphaVault.computeSwapAmount
DA:164,4
FN:168,OrangeAlphaVault.depositCap
FNDA:3,OrangeAlphaVault.depositCap
DA:169,44
FN:173,OrangeAlphaVault.getPositionID
FNDA:17,OrangeAlphaVault.getPositionID
DA:174,17
FN:178,OrangeAlphaVault.getTicksByStorage
FNDA:6,OrangeAlphaVault.getTicksByStorage
DA:179,6
FN:183,OrangeAlphaVault.isOutOfRange
FNDA:5,OrangeAlphaVault.isOutOfRange
DA:184,5
FN:188,OrangeAlphaVault.checker
FNDA:2,OrangeAlphaVault.checker
DA:194,2
DA:195,2
BRDA:195,1,0,1
BRDA:195,1,1,1
DA:196,1
DA:200,1
DA:202,1
FN:207,OrangeAlphaVault.decimals
FNDA:2,OrangeAlphaVault.decimals
DA:208,2
FN:214,OrangeAlphaVault._totalAssets
FNDA:20,OrangeAlphaVault._totalAssets
DA:215,20
DA:220,20
DA:221,20
DA:223,20
FN:238,OrangeAlphaVault._convertToShares
FNDA:0,OrangeAlphaVault._convertToShares
DA:243,40
DA:244,40
FN:251,OrangeAlphaVault._convertToAssets
FNDA:0,OrangeAlphaVault._convertToAssets
DA:256,2
DA:257,2
FN:273,OrangeAlphaVault._alignTotalAsset
FNDA:86,OrangeAlphaVault._alignTotalAsset
DA:280,86
BRDA:280,2,0,63
BRDA:280,2,1,23
DA:281,63
DA:282,63
DA:288,63
DA:293,23
DA:294,23
BRDA:294,3,0,8
BRDA:294,3,1,23
DA:295,8
DA:302,23
FN:313,OrangeAlphaVault._getUnderlyingBalances
FNDA:90,OrangeAlphaVault._getUnderlyingBalances
DA:318,90
DA:324,90
DA:327,90
BRDA:327,4,0,70
BRDA:327,4,1,90
DA:328,70
DA:339,90
DA:342,90
DA:346,90
DA:347,90
FN:359,OrangeAlphaVault._computeFeesEarned
FNDA:186,OrangeAlphaVault._computeFeesEarned
DA:365,186
DA:366,186
DA:367,186
DA:368,186
BRDA:368,5,0,-
BRDA:368,5,1,93
DA:369,93
DA:370,93
DA:373,93
DA:377,93
DA:378,93
DA:381,93
DA:388,186
DA:389,186
BRDA:389,6,0,180
BRDA:389,6,1,6
DA:390,180
DA:392,6
DA:396,186
DA:397,186
BRDA:397,7,0,184
BRDA:397,7,1,2
DA:398,184
DA:400,2
DA:403,186
DA:406,186
FN:421,OrangeAlphaVault._computeSupplyAndBorrow
FNDA:43,OrangeAlphaVault._computeSupplyAndBorrow
DA:426,43
BRDA:426,8,0,1
BRDA:426,8,1,42
DA:428,42
DA:430,42
DA:434,42
DA:436,42
FN:450,OrangeAlphaVault._getLtvByRange
FNDA:47,OrangeAlphaVault._getLtvByRange
DA:455,47
DA:456,47
DA:457,47
DA:459,47
DA:460,47
BRDA:460,9,0,46
BRDA:460,9,1,47
DA:462,46
BRDA:462,10,0,1
BRDA:462,10,1,45
DA:463,1
DA:465,45
FN:478,OrangeAlphaVault._computeSwapAmount
FNDA:48,OrangeAlphaVault._computeSwapAmount
DA:483,48
BRDA:483,11,0,1
BRDA:483,11,1,47
DA:486,47
DA:491,47
DA:497,47
BRDA:497,12,0,44
BRDA:497,12,1,3
DA:498,44
DA:499,44
DA:505,44
DA:507,44
DA:512,3
DA:518,3
DA:519,3
FN:534,OrangeAlphaVault._getPositionID
FNDA:137,OrangeAlphaVault._getPositionID
DA:539,137
FN:547,OrangeAlphaVault._canStoploss
FNDA:8,OrangeAlphaVault._canStoploss
DA:548,8
FN:556,OrangeAlphaVault._isOutOfRange
FNDA:48,OrangeAlphaVault._isOutOfRange
DA:557,48
FN:566,OrangeAlphaVault._validateTicks
FNDA:11,OrangeAlphaVault._validateTicks
DA:567,11
DA:569,11
BRDA:568,13,0,7
BRDA:568,13,1,4
DA:573,7
DA:575,4
FN:583,OrangeAlphaVault._quoteEthPriceByTick
FNDA:298,OrangeAlphaVault._quoteEthPriceByTick
DA:584,298
FN:599,OrangeAlphaVault._getTicksByStorage
FNDA:192,OrangeAlphaVault._getTicksByStorage
DA:600,192
DA:601,192
FN:611,OrangeAlphaVault._checkSlippage
FNDA:77,OrangeAlphaVault._checkSlippage
DA:616,77
BRDA:616,14,0,61
BRDA:616,14,1,16
DA:617,61
DA:626,16
FN:637,OrangeAlphaVault._checkTickSlippage
FNDA:12,OrangeAlphaVault._checkTickSlippage
DA:642,12
BRDA:641,15,0,1
BRDA:641,15,1,11
DA:645,1
FN:656,OrangeAlphaVault._computePercentageFromUpperRange
FNDA:50,OrangeAlphaVault._computePercentageFromUpperRange
DA:661,50
DA:662,50
DA:663,50
DA:665,50
DA:666,50
DA:667,50
BRDA:667,16,0,49
BRDA:667,16,1,50
DA:669,49
BRDA:669,17,0,1
BRDA:669,17,1,48
DA:670,1
DA:672,48
DA:674,50
FN:681,OrangeAlphaVault.deposit
FNDA:43,OrangeAlphaVault.deposit
DA:687,43
BRDA:687,18,0,1
BRDA:687,18,1,42
DA:688,1
DA:690,42
BRDA:690,19,0,1
BRDA:690,19,1,41
DA:691,41
BRDA:691,20,0,1
BRDA:691,20,1,40
DA:692,1
DA:694,40
DA:695,40
DA:696,40
DA:697,40
BRDA:697,21,0,1
BRDA:697,21,1,39
DA:698,1
DA:701,39
BRDA:701,22,0,1
BRDA:701,22,1,38
DA:702,1
DA:704,38
DA:706,38
DA:709,38
DA:710,38
BRDA:710,23,0,1
BRDA:710,23,1,37
DA:711,1
DA:713,37
DA:716,37
DA:718,37
DA:719,37
DA:720,37
DA:721,37
DA:722,37
DA:723,37
BRDA:723,24,0,-
BRDA:723,24,1,36
DA:725,36
DA:726,36
BRDA:726,25,0,-
BRDA:726,25,1,36
DA:727,36
DA:731,36
BRDA:731,26,0,-
BRDA:731,26,1,36
DA:732,36
DA:737,36
DA:738,36
DA:745,37
DA:757,37
FN:761,OrangeAlphaVault.redeem
FNDA:16,OrangeAlphaVault.redeem
DA:768,16
BRDA:768,27,0,1
BRDA:768,27,1,15
DA:769,1
DA:771,15
BRDA:771,28,0,1
BRDA:771,28,1,14
DA:772,1
DA:775,14
DA:776,14
DA:780,14
DA:784,14
DA:791,14
DA:796,14
BRDA:796,29,0,-
BRDA:796,29,1,9
DA:797,9
DA:804,9
DA:805,9
DA:806,9
DA:810,14
BRDA:810,30,0,-
BRDA:810,30,1,14
DA:812,14
BRDA:811,31,0,-
BRDA:811,31,1,14
DA:814,0
DA:815,14
DA:819,14
DA:824,14
BRDA:824,32,0,-
BRDA:824,32,1,14
DA:826,14
BRDA:825,33,0,-
BRDA:825,33,1,14
DA:832,0
DA:833,14
DA:837,14
BRDA:837,34,0,-
BRDA:837,34,1,14
DA:838,14
DA:845,14
DA:846,14
DA:847,14
DA:851,14
BRDA:851,35,0,1
BRDA:851,35,1,13
DA:852,1
DA:854,13
DA:857,13
DA:858,13
BRDA:858,36,0,6
BRDA:858,36,1,7
DA:859,6
DA:860,6
DA:862,7
DA:864,13
BRDA:864,37,0,2
BRDA:864,37,1,11
DA:865,2
DA:866,2
DA:868,11
DA:871,13
DA:872,13
FN:876,OrangeAlphaVault.emitAction
FNDA:1,OrangeAlphaVault.emitAction
DA:877,1
FN:881,OrangeAlphaVault.stoploss
FNDA:4,OrangeAlphaVault.stoploss
DA:882,3
DA:883,3
FN:890,OrangeAlphaVault.rebalance
FNDA:8,OrangeAlphaVault.rebalance
DA:896,7
DA:898,6
DA:899,6
BRDA:899,38,0,1
BRDA:899,38,1,5
DA:900,1
DA:901,1
DA:902,1
DA:905,5
DA:907,5
DA:911,5
DA:914,5
BRDA:914,39,0,4
BRDA:914,39,1,5
DA:915,4
DA:917,5
DA:918,5
DA:919,5
DA:920,5
DA:923,5
DA:929,5
DA:930,5
BRDA:930,40,0,-
BRDA:930,40,1,1
DA:931,1
DA:941,5
DA:942,5
BRDA:942,41,0,5
BRDA:942,41,1,5
DA:944,5
BRDA:944,42,0,-
BRDA:944,42,1,1
DA:946,1
DA:947,1
BRDA:947,43,0,-
BRDA:947,43,1,1
DA:948,1
DA:955,1
DA:958,1
BRDA:957,44,0,-
BRDA:957,44,1,1
DA:960,0
DA:963,4
DA:973,5
DA:974,5
DA:975,5
DA:977,5
DA:980,5
BRDA:980,45,0,-
BRDA:980,45,1,5
DA:981,0
DA:984,5
DA:985,5
DA:988,5
FN:992,OrangeAlphaVault.removeAllPosition
FNDA:6,OrangeAlphaVault.removeAllPosition
DA:993,5
DA:994,5
DA:995,5
FN:1003,OrangeAlphaVault.setDepositCap
FNDA:4,OrangeAlphaVault.setDepositCap
DA:1007,3
BRDA:1007,46,0,1
BRDA:1007,46,1,2
DA:1008,1
DA:1010,2
DA:1011,2
DA:1012,2
FN:1020,OrangeAlphaVault.setSlippage
FNDA:4,OrangeAlphaVault.setSlippage
DA:1024,3
BRDA:1024,47,0,1
BRDA:1024,47,1,2
DA:1025,1
DA:1027,2
DA:1028,2
DA:1029,2
FN:1036,OrangeAlphaVault.setMaxLtv
FNDA:4,OrangeAlphaVault.setMaxLtv
DA:1037,3
BRDA:1037,48,0,1
BRDA:1037,48,1,2
DA:1038,1
DA:1040,2
DA:1041,2
FN:1048,OrangeAlphaVault.setLockupPeriod
FNDA:2,OrangeAlphaVault.setLockupPeriod
DA:1049,1
FN:1064,OrangeAlphaVault._swapAndAddLiquidity
FNDA:45,OrangeAlphaVault._swapAndAddLiquidity
DA:1076,45
BRDA:1076,49,0,1
BRDA:1076,49,1,44
DA:1077,1
DA:1079,44
DA:1086,44
DA:1087,44
DA:1088,44
BRDA:1088,50,0,-
BRDA:1088,50,1,44
DA:1089,44
DA:1096,44
DA:1098,44
DA:1099,44
DA:1102,44
DA:1111,44
BRDA:1111,51,0,-
BRDA:1111,51,1,44
DA:1112,44
DA:1120,44
FN:1140,OrangeAlphaVault._burnShare
FNDA:15,OrangeAlphaVault._burnShare
DA:1152,15
DA:1155,15
DA:1159,15
DA:1166,15
DA:1171,15
DA:1172,15
DA:1173,15
DA:1174,15
DA:1175,15
DA:1176,15
FN:1192,OrangeAlphaVault._burnAndCollectFees
FNDA:28,OrangeAlphaVault._burnAndCollectFees
DA:1207,28
DA:1208,28
DA:1210,28
BRDA:1210,52,0,-
BRDA:1210,52,1,28
DA:1211,28
DA:1214,28
DA:1222,28
DA:1223,28
DA:1224,28
FN:1228,OrangeAlphaVault._stoploss
FNDA:3,OrangeAlphaVault._stoploss
DA:1229,3
BRDA:1229,53,0,1
BRDA:1229,53,1,2
DA:1230,1
DA:1232,2
DA:1233,2
DA:1234,2
FN:1238,OrangeAlphaVault._removeAllPosition
FNDA:7,OrangeAlphaVault._removeAllPosition
DA:1242,7
BRDA:1242,54,0,2
BRDA:1242,54,1,5
DA:1243,2
DA:1247,5
DA:1251,5
DA:1254,5
BRDA:1254,55,0,4
BRDA:1254,55,1,5
DA:1255,4
DA:1259,5
DA:1260,5
BRDA:1260,56,0,-
BRDA:1260,56,1,3
DA:1261,3
DA:1268,3
DA:1272,5
BRDA:1272,57,0,-
BRDA:1272,57,1,4
DA:1274,4
BRDA:1273,58,0,-
BRDA:1273,58,1,4
DA:1276,0
DA:1279,5
DA:1280,5
BRDA:1280,59,0,-
BRDA:1280,59,1,4
DA:1282,4
BRDA:1281,60,0,-
BRDA:1281,60,1,4
DA:1288,0
DA:1292,5
DA:1293,5
BRDA:1293,61,0,-
BRDA:1293,61,1,4
DA:1294,4
DA:1301,4
DA:1304,5
DA:1309,5
FN:1313,OrangeAlphaVault._emitAction
FNDA:63,OrangeAlphaVault._emitAction
DA:1314,63
DA:1319,63
DA:1320,63
DA:1322,63
DA:1334,63
FN:1351,OrangeAlphaVault.uniswapV3MintCallback
FNDA:47,OrangeAlphaVault.uniswapV3MintCallback
DA:1356,47
BRDA:1356,62,0,1
BRDA:1356,62,1,46
DA:1357,1
DA:1360,46
BRDA:1360,63,0,45
BRDA:1360,63,1,46
DA:1361,45
DA:1363,46
BRDA:1363,64,0,45
BRDA:1363,64,1,46
DA:1364,45
FN:1369,OrangeAlphaVault.uniswapV3SwapCallback
FNDA:79,OrangeAlphaVault.uniswapV3SwapCallback
DA:1374,79
BRDA:1374,65,0,1
BRDA:1374,65,1,78
DA:1375,1
DA:1378,78
BRDA:1378,66,0,61
BRDA:1378,66,1,17
DA:1379,61
DA:1380,17
BRDA:1380,67,0,16
BRDA:1380,67,1,17
DA:1381,16
FNF:49
FNH:47
LF:324
LH:318
BRF:136
BRH:112
end_of_record
TN:
SF:contracts/libs/Ownable.sol
FN:27,Ownable.owner
FNDA:0,Ownable.owner
DA:28,0
FN:34,Ownable._checkOwner
FNDA:28,Ownable._checkOwner
DA:35,28
BRDA:35,0,0,6
BRDA:35,0,1,22
FN:42,Ownable.transferOwnership
FNDA:0,Ownable.transferOwnership
DA:43,0
BRDA:43,1,0,-
BRDA:43,1,1,-
DA:44,0
FN:51,Ownable._transferOwnership
FNDA:0,Ownable._transferOwnership
DA:52,0
DA:53,0
DA:54,0
FNF:4
FNH:1
LF:7
LH:1
BRF:4
BRH:2
end_of_record
TN:
SF:contracts/mocks/ATokenMock.sol
FN:59,ATokenMock._transfer
FNDA:0,ATokenMock._transfer
DA:64,0
BRDA:64,0,0,-
BRDA:64,0,1,-
DA:65,0
BRDA:65,1,0,-
BRDA:65,1,1,-
DA:67,0
DA:68,0
DA:70,0
DA:71,0
BRDA:71,2,0,-
BRDA:71,2,1,-
DA:73,0
DA:75,0
DA:77,0
FN:80,ATokenMock._updateBalance
FNDA:0,ATokenMock._updateBalance
DA:81,0
DA:84,0
DA:88,0
FN:94,ATokenMock.decimals
FNDA:0,ATokenMock.decimals
DA:95,0
FN:99,ATokenMock.balanceOf
FNDA:0,ATokenMock.balanceOf
DA:100,0
DA:102,0
DA:103,0
DA:104,0
BRDA:104,3,0,-
BRDA:104,3,1,-
DA:105,0
DA:107,0
DA:109,0
FN:113,ATokenMock.totalSupply
FNDA:0,ATokenMock.totalSupply
DA:114,0
DA:116,0
DA:117,0
DA:118,0
BRDA:118,4,0,-
BRDA:118,4,1,-
DA:119,0
DA:121,0
DA:123,0
FN:127,ATokenMock.UNDERLYING_ASSET_ADDRESS
FNDA:0,ATokenMock.UNDERLYING_ASSET_ADDRESS
DA:128,0
FN:134,ATokenMock.mint
FNDA:0,ATokenMock.mint
DA:140,0
BRDA:140,5,0,-
BRDA:140,5,1,-
DA:141,0
BRDA:141,6,0,-
BRDA:141,6,1,-
DA:143,0
DA:145,0
DA:146,0
DA:148,0
DA:149,0
FN:153,ATokenMock.burn
FNDA:0,ATokenMock.burn
DA:159,0
BRDA:159,7,0,-
BRDA:159,7,1,-
DA:160,0
BRDA:160,8,0,-
BRDA:160,8,1,-
DA:164,0
DA:167,0
BRDA:167,9,0,-
BRDA:167,9,1,-
DA:170,0
DA:172,0
BRDA:172,10,0,-
BRDA:172,10,1,-
DA:175,0
DA:177,0
DA:178,0
DA:182,0
FN:187,ATokenMock.transferUnderlyingTo
FNDA:0,ATokenMock.transferUnderlyingTo
DA:188,0
FN:194,ATokenMock.mintToTreasury
FNDA:0,ATokenMock.mintToTreasury
FN:197,ATokenMock.transferOnLiquidation
FNDA:0,ATokenMock.transferOnLiquidation
FN:204,ATokenMock.handleRepayment
FNDA:0,ATokenMock.handleRepayment
FN:209,ATokenMock.rescueTokens
FNDA:0,ATokenMock.rescueTokens
FN:216,ATokenMock.RESERVE_TREASURY_ADDRESS
FNDA:0,ATokenMock.RESERVE_TREASURY_ADDRESS
FN:219,ATokenMock.DOMAIN_SEPARATOR
FNDA:0,ATokenMock.DOMAIN_SEPARATOR
FN:222,ATokenMock.nonces
FNDA:0,ATokenMock.nonces
FN:225,ATokenMock.permit
FNDA:0,ATokenMock.permit
FNF:17
FNH:0
LF:46
LH:0
BRF:22
BRH:0
end_of_record
TN:
SF:contracts/mocks/AaveV3PoolMock.sol
FN:40,AaveV3PoolMock.deployAssets
FNDA:0,AaveV3PoolMock.deployAssets
DA:45,0
DA:46,0
DA:47,0
DA:48,0
DA:49,0
DA:51,0
DA:58,0
DA:66,0
DA:72,0
DA:76,0
DA:80,0
FN:90,AaveV3PoolMock.setNormalizedIncome
FNDA:0,AaveV3PoolMock.setNormalizedIncome
DA:94,0
FN:100,AaveV3PoolMock.setNormalizedVariableDebt
FNDA:0,AaveV3PoolMock.setNormalizedVariableDebt
DA:104,0
FN:113,AaveV3PoolMock.supply
FNDA:0,AaveV3PoolMock.supply
DA:119,0
DA:120,0
FN:123,AaveV3PoolMock.withdraw
FNDA:0,AaveV3PoolMock.withdraw
DA:128,0
DA:129,0
DA:131,0
FN:134,AaveV3PoolMock.borrow
FNDA:0,AaveV3PoolMock.borrow
DA:144,0
DA:145,0
DA:146,0
FN:149,AaveV3PoolMock.repay
FNDA:0,AaveV3PoolMock.repay
DA:156,0
BRDA:156,0,0,-
BRDA:156,0,1,-
DA:158,0
DA:159,0
DA:160,0
FN:163,AaveV3PoolMock.repayWithATokens
FNDA:0,AaveV3PoolMock.repayWithATokens
FN:170,AaveV3PoolMock.deposit
FNDA:0,AaveV3PoolMock.deposit
FN:177,AaveV3PoolMock.getReserveNormalizedIncome
FNDA:0,AaveV3PoolMock.getReserveNormalizedIncome
DA:182,0
DA:183,0
FN:186,AaveV3PoolMock.getReserveNormalizedVariableDebt
FNDA:0,AaveV3PoolMock.getReserveNormalizedVariableDebt
DA:191,0
DA:192,0
FN:196,AaveV3PoolMock.getUserAccountData
FNDA:0,AaveV3PoolMock.getUserAccountData
FN:209,AaveV3PoolMock.getReserveData
FNDA:0,AaveV3PoolMock.getReserveData
DA:214,0
DA:215,0
FNF:13
FNH:0
LF:31
LH:0
BRF:2
BRH:0
end_of_record
TN:
SF:contracts/mocks/DebtTokenMock.sol
FN:59,DebtTokenMock._transfer
FNDA:0,DebtTokenMock._transfer
DA:64,0
BRDA:64,0,0,-
BRDA:64,0,1,-
DA:65,0
BRDA:65,1,0,-
BRDA:65,1,1,-
DA:67,0
DA:68,0
DA:70,0
DA:71,0
BRDA:71,2,0,-
BRDA:71,2,1,-
DA:73,0
DA:75,0
DA:77,0
FN:80,DebtTokenMock._updateBalance
FNDA:0,DebtTokenMock._updateBalance
DA:81,0
DA:83,0
DA:84,0
FN:89,DebtTokenMock.decimals
FNDA:0,DebtTokenMock.decimals
DA:90,0
FN:94,DebtTokenMock.balanceOf
FNDA:0,DebtTokenMock.balanceOf
DA:95,0
DA:97,0
DA:98,0
DA:99,0
BRDA:99,3,0,-
BRDA:99,3,1,-
DA:100,0
DA:102,0
DA:104,0
FN:108,DebtTokenMock.totalSupply
FNDA:0,DebtTokenMock.totalSupply
DA:109,0
DA:111,0
DA:112,0
DA:113,0
BRDA:113,4,0,-
BRDA:113,4,1,-
DA:114,0
DA:116,0
DA:118,0
FN:122,DebtTokenMock.UNDERLYING_ASSET_ADDRESS
FNDA:0,DebtTokenMock.UNDERLYING_ASSET_ADDRESS
DA:123,0
FN:129,DebtTokenMock.mint
FNDA:0,DebtTokenMock.mint
DA:135,0
BRDA:135,5,0,-
BRDA:135,5,1,-
DA:136,0
BRDA:136,6,0,-
BRDA:136,6,1,-
DA:138,0
DA:140,0
DA:141,0
DA:143,0
DA:144,0
FN:148,DebtTokenMock.burn
FNDA:0,DebtTokenMock.burn
DA:153,0
BRDA:153,7,0,-
BRDA:153,7,1,-
DA:154,0
BRDA:154,8,0,-
BRDA:154,8,1,-
DA:156,0
DA:158,0
DA:159,0
DA:161,0
DA:162,0
FNF:8
FNH:0
LF:42
LH:0
BRF:18
BRH:0
end_of_record
TN:
SF:contracts/mocks/ERC20Mock.sol
FN:17,ERC20Mock.decimals
FNDA:0,ERC20Mock.decimals
DA:18,0
FN:21,ERC20Mock.mint
FNDA:0,ERC20Mock.mint
DA:22,0
FNF:2
FNH:0
LF:2
LH:0
BRF:0
BRH:0
end_of_record
TN:
SF:contracts/mocks/GelatoMock.sol
FN:27,GelatoMock.checker
FNDA:0,GelatoMock.checker
DA:33,0
BRDA:33,0,0,-
BRDA:33,0,1,-
DA:34,0
DA:38,0
DA:40,0
FN:44,GelatoMock._isOutOfRange
FNDA:0,GelatoMock._isOutOfRange
DA:45,0
FN:48,GelatoMock.canStoploss
FNDA:0,GelatoMock.canStoploss
DA:49,0
FN:52,GelatoMock.stoploss
FNDA:0,GelatoMock.stoploss
DA:53,0
BRDA:53,1,0,-
BRDA:53,1,1,-
DA:54,0
DA:56,0
DA:57,0
FN:60,GelatoMock.setCurrentTick
FNDA:0,GelatoMock.setCurrentTick
DA:61,0
FN:64,GelatoMock.setTicks
FNDA:0,GelatoMock.setTicks
DA:65,0
DA:66,0
FN:69,GelatoMock.resetStoploss
FNDA:0,GelatoMock.resetStoploss
DA:70,0
FNF:7
FNH:0
LF:14
LH:0
BRF:4
BRH:0
end_of_record
TN:
SF:contracts/mocks/Ints.sol
FN:9,Ints.toString
FNDA:9,Ints.toString
DA:10,9
BRDA:10,0,0,3
BRDA:10,0,1,6
DA:11,3
DA:13,6
DA:14,6
FNF:1
FNH:1
LF:4
LH:4
BRF:2
BRH:2
end_of_record
TN:
SF:contracts/mocks/LiquidityAmountsMock.sol
FN:10,LiquidityAmountsMock.getSqrtRatioAtTick
FNDA:0,LiquidityAmountsMock.getSqrtRatioAtTick
DA:11,0
FN:14,LiquidityAmountsMock.getLiquidityForAmounts
FNDA:0,LiquidityAmountsMock.getLiquidityForAmounts
DA:21,0
FN:31,LiquidityAmountsMock.getAmountsForLiquidity
FNDA:0,LiquidityAmountsMock.getAmountsForLiquidity
DA:37,0
FNF:3
FNH:0
LF:3
LH:0
BRF:0
BRH:0
end_of_record
TN:
SF:contracts/mocks/OrangeAlphaVaultMock.sol
FN:44,OrangeAlphaVaultMock.setAaveTokens
FNDA:0,OrangeAlphaVaultMock.setAaveTokens
DA:45,0
DA:46,0
FN:49,OrangeAlphaVaultMock.setTicks
FNDA:0,OrangeAlphaVaultMock.setTicks
DA:50,0
DA:51,0
DA:52,0
FN:55,OrangeAlphaVaultMock.setStoplossed
FNDA:2,OrangeAlphaVaultMock.setStoplossed
DA:56,2
FN:59,OrangeAlphaVaultMock.getAavePoolLtv
FNDA:0,OrangeAlphaVaultMock.getAavePoolLtv
DA:60,0
DA:62,0
BRDA:62,0,0,-
BRDA:62,0,1,-
DA:63,0
FN:71,OrangeAlphaVaultMock.setDeposits
FNDA:1,OrangeAlphaVaultMock.setDeposits
DA:72,1
FN:75,OrangeAlphaVaultMock.setTotalDeposits
FNDA:1,OrangeAlphaVaultMock.setTotalDeposits
DA:76,1
FN:80,OrangeAlphaVaultMock.checkSlippage
FNDA:2,OrangeAlphaVaultMock.checkSlippage
DA:85,2
FN:88,OrangeAlphaVaultMock.checkTickSlippage
FNDA:2,OrangeAlphaVaultMock.checkTickSlippage
DA:92,2
FN:95,OrangeAlphaVaultMock.quoteEthPriceByTick
FNDA:7,OrangeAlphaVaultMock.quoteEthPriceByTick
DA:96,7
FN:99,OrangeAlphaVaultMock.computePercentageFromUpperRange
FNDA:3,OrangeAlphaVaultMock.computePercentageFromUpperRange
DA:104,3
FN:107,OrangeAlphaVaultMock.alignTotalAsset
FNDA:3,OrangeAlphaVaultMock.alignTotalAsset
DA:113,3
FN:123,OrangeAlphaVaultMock.computeFeesEarned
FNDA:6,OrangeAlphaVaultMock.computeFeesEarned
DA:128,6
FN:137,OrangeAlphaVaultMock.canStoploss
FNDA:3,OrangeAlphaVaultMock.canStoploss
DA:138,3
FN:144,OrangeAlphaVaultMock.swapAndAddLiquidity
FNDA:4,OrangeAlphaVaultMock.swapAndAddLiquidity
DA:156,4
FN:159,OrangeAlphaVaultMock.burnShare
FNDA:1,OrangeAlphaVaultMock.burnShare
DA:171,1
FN:174,OrangeAlphaVaultMock.burnAndCollectFees
FNDA:5,OrangeAlphaVaultMock.burnAndCollectFees
DA:189,5
FN:192,OrangeAlphaVaultMock.validateTicks
FNDA:4,OrangeAlphaVaultMock.validateTicks
DA:193,4
FNF:17
FNH:14
LF:22
LH:14
BRF:2
BRH:0
end_of_record
TN:
SF:contracts/mocks/UniswapV3PoolAccessorMock.sol
FN:35,UniswapV3PoolAccessorMock.getSqrtRatioX96
FNDA:0,UniswapV3PoolAccessorMock.getSqrtRatioX96
DA:36,0
DA:37,0
FN:41,UniswapV3PoolAccessorMock.mint
FNDA:0,UniswapV3PoolAccessorMock.mint
DA:47,0
DA:48,0
DA:50,0
DA:51,0
DA:58,0
FN:61,UniswapV3PoolAccessorMock.swap
FNDA:0,UniswapV3PoolAccessorMock.swap
DA:66,0
BRDA:66,0,0,-
BRDA:66,0,1,-
DA:67,0
DA:69,0
DA:72,0
FN:81,UniswapV3PoolAccessorMock.burn
FNDA:0,UniswapV3PoolAccessorMock.burn
DA:86,0
DA:87,0
DA:94,0
DA:96,0
DA:97,0
FN:101,UniswapV3PoolAccessorMock.uniswapV3MintCallback
FNDA:0,UniswapV3PoolAccessorMock.uniswapV3MintCallback
DA:106,0
BRDA:106,1,0,-
BRDA:106,1,1,-
DA:107,0
DA:110,0
BRDA:110,2,0,-
BRDA:110,2,1,-
DA:111,0
DA:113,0
BRDA:113,3,0,-
BRDA:113,3,1,-
DA:114,0
FN:119,UniswapV3PoolAccessorMock.uniswapV3SwapCallback
FNDA:0,UniswapV3PoolAccessorMock.uniswapV3SwapCallback
DA:124,0
BRDA:124,4,0,-
BRDA:124,4,1,-
DA:125,0
DA:128,0
BRDA:128,5,0,-
BRDA:128,5,1,-
DA:129,0
DA:130,0
BRDA:130,6,0,-
BRDA:130,6,1,-
DA:131,0
FNF:6
FNH:0
LF:28
LH:0
BRF:14
BRH:0
end_of_record
TN:
SF:contracts/mocks/WadRayMath.sol
FN:29,WadRayMath.wadMul
FNDA:0,WadRayMath.wadMul
DA:32,0
BRDA:32,0,0,-
DA:36,0
FN:47,WadRayMath.wadDiv
FNDA:0,WadRayMath.wadDiv
DA:50,0
BRDA:50,1,0,-
DA:54,0
FN:65,WadRayMath.rayMul
FNDA:0,WadRayMath.rayMul
DA:68,0
BRDA:68,2,0,-
DA:72,0
FN:83,WadRayMath.rayDiv
FNDA:0,WadRayMath.rayDiv
DA:86,0
BRDA:86,3,0,-
DA:90,0
FN:100,WadRayMath.rayToWad
FNDA:0,WadRayMath.rayToWad
DA:102,0
DA:104,0
BRDA:104,4,0,-
DA:105,0
FN:116,WadRayMath.wadToRay
FNDA:0,WadRayMath.wadToRay
DA:119,0
DA:121,0
BRDA:121,5,0,-
FNF:6
FNH:0
LF:13
LH:0
BRF:6
BRH:0
end_of_record
TN:
SF:contracts/vendor/proxy/EIP173Proxy.sol
FN:32,EIP173Proxy.proxyAdmin
FNDA:0,EIP173Proxy.proxyAdmin
DA:33,0
FN:36,EIP173Proxy.supportsInterface
FNDA:0,EIP173Proxy.supportsInterface
DA:37,0
BRDA:37,0,0,-
BRDA:37,0,1,-
DA:38,0
DA:40,0
BRDA:40,1,0,-
BRDA:40,1,1,-
DA:41,0
DA:44,0
DA:47,0
DA:55,0
FN:62,EIP173Proxy.transferProxyAdmin
FNDA:0,EIP173Proxy.transferProxyAdmin
DA:63,0
FN:66,EIP173Proxy.upgradeTo
FNDA:0,EIP173Proxy.upgradeTo
DA:67,0
FN:70,EIP173Proxy.upgradeToAndCall
FNDA:0,EIP173Proxy.upgradeToAndCall
DA:75,0
FN:87,EIP173Proxy._proxyAdmin
FNDA:0,EIP173Proxy._proxyAdmin
DA:90,0
FN:96,EIP173Proxy._setProxyAdmin
FNDA:0,EIP173Proxy._setProxyAdmin
DA:97,0
DA:105,0
FNF:7
FNH:0
LF:14
LH:0
BRF:4
BRH:0
end_of_record
TN:
SF:contracts/vendor/proxy/Proxied.sol
FN:36,Proxied._proxyAdmin
FNDA:0,Proxied._proxyAdmin
DA:39,0
FNF:1
FNH:0
LF:1
LH:0
BRF:0
BRH:0
end_of_record
TN:
SF:contracts/vendor/proxy/Proxy.sol
FN:20,Proxy.
FNDA:0,Proxy.
DA:21,0
FN:26,Proxy._fallback
FNDA:0,Proxy._fallback
FN:53,Proxy._setImplementation
FNDA:0,Proxy._setImplementation
DA:56,0
DA:59,0
DA:72,0
DA:77,0
BRDA:77,0,0,-
BRDA:77,0,1,-
DA:78,0
DA:79,0
BRDA:79,1,0,-
BRDA:79,1,1,-
FNF:3
FNH:0
LF:7
LH:0
BRF:4
BRH:0
end_of_record
TN:
SF:contracts/vendor/uniswap/FullMath.sol
FN:14,FullMath.mulDiv
FNDA:0,FullMath.mulDiv
DA:25,0
DA:26,0
DA:29,0
DA:30,0
DA:34,0
BRDA:34,0,0,-
BRDA:34,0,1,-
DA:35,0
BRDA:35,1,0,-
BRDA:35,1,1,-
DA:37,0
DA:39,0
DA:44,0
BRDA:44,2,0,-
BRDA:44,2,1,-
DA:52,0
DA:54,0
DA:58,0
DA:59,0
DA:67,0
DA:71,0
DA:76,0
DA:82,0
DA:84,0
DA:91,0
DA:95,0
DA:96,0
DA:97,0
DA:98,0
DA:99,0
DA:100,0
DA:108,0
DA:109,0
FN:118,FullMath.mulDivRoundingUp
FNDA:0,FullMath.mulDivRoundingUp
DA:123,0
DA:124,0
BRDA:124,3,0,-
BRDA:124,3,1,-
DA:125,0
BRDA:125,4,0,-
BRDA:125,4,1,-
DA:126,0
FNF:2
FNH:0
LF:31
LH:0
BRF:10
BRH:0
end_of_record
TN:
SF:contracts/vendor/uniswap/LiquidityAmounts.sol
FN:10,LiquidityAmounts.toUint128
FNDA:0,LiquidityAmounts.toUint128
DA:11,0
BRDA:11,0,0,-
BRDA:11,0,1,-
FN:20,LiquidityAmounts.getLiquidityForAmount0
FNDA:0,LiquidityAmounts.getLiquidityForAmount0
DA:25,0
BRDA:25,1,0,-
BRDA:25,1,1,-
DA:26,0
DA:27,0
DA:28,0
DA:29,0
FN:45,LiquidityAmounts.getLiquidityForAmount1
FNDA:0,LiquidityAmounts.getLiquidityForAmount1
DA:50,0
BRDA:50,2,0,-
BRDA:50,2,1,-
DA:51,0
DA:52,0
FN:64,LiquidityAmounts.getLiquidityForAmounts
FNDA:0,LiquidityAmounts.getLiquidityForAmounts
DA:71,0
BRDA:71,3,0,-
BRDA:71,3,1,-
DA:72,0
DA:74,0
BRDA:74,4,0,-
BRDA:74,4,1,-
DA:75,0
DA:80,0
BRDA:80,5,0,-
BRDA:80,5,1,-
DA:81,0
DA:82,0
DA:83,0
DA:84,0
DA:86,0
DA:88,0
FN:101,LiquidityAmounts.getAmount0ForLiquidity
FNDA:0,LiquidityAmounts.getAmount0ForLiquidity
DA:106,0
BRDA:106,6,0,-
BRDA:106,6,1,-
DA:107,0
DA:109,0
FN:122,LiquidityAmounts.getAmount1ForLiquidity
FNDA:0,LiquidityAmounts.getAmount1ForLiquidity
DA:127,0
BRDA:127,7,0,-
BRDA:127,7,1,-
DA:128,0
DA:130,0
FN:140,LiquidityAmounts.getAmountsForLiquidity
FNDA:0,LiquidityAmounts.getAmountsForLiquidity
DA:146,0
BRDA:146,8,0,-
BRDA:146,8,1,-
DA:147,0
DA:149,0
BRDA:149,9,0,-
BRDA:149,9,1,-
DA:150,0
DA:155,0
BRDA:155,10,0,-
BRDA:155,10,1,-
DA:156,0
DA:161,0
DA:167,0
FNF:7
FNH:0
LF:34
LH:0
BRF:22
BRH:0
end_of_record
TN:
SF:contracts/vendor/uniswap/OracleLibrary.sol
FN:16,OracleLibrary.consult
FNDA:0,OracleLibrary.consult
DA:21,0
BRDA:21,0,0,-
BRDA:21,0,1,-
DA:23,0
DA:24,0
DA:25,0
DA:27,0
DA:28,0
DA:30,0
DA:31,0
DA:32,0
DA:34,0
DA:36,0
BRDA:36,1,0,-
BRDA:36,1,1,-
DA:39,0
DA:40,0
FN:49,OracleLibrary.getQuoteAtTick
FNDA:0,OracleLibrary.getQuoteAtTick
DA:55,0
DA:58,0
BRDA:58,2,0,-
BRDA:58,2,1,-
DA:59,0
DA:60,0
DA:64,0
DA:65,0
FN:77,OracleLibrary.getChainedPrice
FNDA:0,OracleLibrary.getChainedPrice
DA:82,0
BRDA:82,3,0,-
BRDA:82,3,1,-
DA:83,0
DA:86,0
FNF:3
FNH:0
LF:22
LH:0
BRF:8
BRH:0
end_of_record
TN:
SF:contracts/vendor/uniswap/TickMath.sol
FN:24,TickMath.getSqrtRatioAtTick
FNDA:0,TickMath.getSqrtRatioAtTick
DA:29,0
DA:30,0
DA:33,0
BRDA:33,0,0,-
BRDA:33,0,1,-
DA:35,0
DA:36,0
DA:39,0
BRDA:39,1,0,-
BRDA:39,1,1,-
DA:40,0
DA:41,0
BRDA:41,2,0,-
BRDA:41,2,1,-
DA:42,0
DA:43,0
BRDA:43,3,0,-
BRDA:43,3,1,-
DA:44,0
DA:45,0
BRDA:45,4,0,-
BRDA:45,4,1,-
DA:46,0
DA:47,0
BRDA:47,5,0,-
BRDA:47,5,1,-
DA:48,0
DA:49,0
BRDA:49,6,0,-
BRDA:49,6,1,-
DA:50,0
DA:51,0
BRDA:51,7,0,-
BRDA:51,7,1,-
DA:52,0
DA:53,0
BRDA:53,8,0,-
BRDA:53,8,1,-
DA:54,0
DA:55,0
BRDA:55,9,0,-
BRDA:55,9,1,-
DA:56,0
DA:57,0
BRDA:57,10,0,-
BRDA:57,10,1,-
DA:58,0
DA:59,0
BRDA:59,11,0,-
BRDA:59,11,1,-
DA:60,0
DA:61,0
BRDA:61,12,0,-
BRDA:61,12,1,-
DA:62,0
DA:63,0
BRDA:63,13,0,-
BRDA:63,13,1,-
DA:64,0
DA:65,0
BRDA:65,14,0,-
BRDA:65,14,1,-
DA:66,0
DA:67,0
BRDA:67,15,0,-
BRDA:67,15,1,-
DA:68,0
DA:69,0
BRDA:69,16,0,-
BRDA:69,16,1,-
DA:70,0
DA:71,0
BRDA:71,17,0,-
BRDA:71,17,1,-
DA:72,0
DA:73,0
BRDA:73,18,0,-
BRDA:73,18,1,-
DA:74,0
DA:75,0
BRDA:75,19,0,-
BRDA:75,19,1,-
DA:76,0
DA:78,0
BRDA:78,20,0,-
BRDA:78,20,1,-
DA:83,0
FN:93,TickMath.getTickAtSqrtRatio
FNDA:0,TickMath.getTickAtSqrtRatio
DA:99,0
BRDA:99,21,0,-
BRDA:99,21,1,-
DA:103,0
DA:105,0
DA:106,0
DA:110,0
DA:111,0
DA:115,0
DA:116,0
DA:120,0
DA:121,0
DA:125,0
DA:126,0
DA:130,0
DA:131,0
DA:135,0
DA:136,0
DA:140,0
DA:141,0
DA:145,0
DA:148,0
BRDA:148,22,0,-
BRDA:148,22,1,-
DA:149,0
DA:151,0
DA:154,0
DA:156,0
DA:157,0
DA:160,0
DA:162,0
DA:163,0
DA:166,0
DA:168,0
DA:169,0
DA:172,0
DA:174,0
DA:175,0
DA:178,0
DA:180,0
DA:181,0
DA:184,0
DA:186,0
DA:187,0
DA:190,0
DA:192,0
DA:193,0
DA:196,0
DA:198,0
DA:199,0
DA:202,0
DA:204,0
DA:205,0
DA:208,0
DA:210,0
DA:211,0
DA:214,0
DA:216,0
DA:217,0
DA:220,0
DA:222,0
DA:223,0
DA:226,0
DA:228,0
DA:229,0
DA:232,0
DA:234,0
DA:237,0
DA:239,0
DA:240,0
DA:243,0
DA:244,0
DA:248,0
FNF:2
FNH:0
LF:114
LH:0
BRF:46
BRH:0
end_of_record
TN:
SF:test/foundry/core/OrangeAlphaVaultTest.t.sol
FN:1292,AaveMock.getReserveData
FNDA:0,AaveMock.getReserveData
DA:1297,0
DA:1298,0
FNF:1
FNH:0
LF:2
LH:0
BRF:0
BRH:0
end_of_record
TN:
SF:test/foundry/libs/GelatoOpsTest.t.sol
FN:37,GelatoOpsMock.exec
FNDA:0,GelatoOpsMock.exec
FNF:1
FNH:0
LF:0
LH:0
BRF:0
BRH:0
end_of_record
TN:
SF:test/foundry/libs/OwnableTest.t.sol
FN:54,OwnableMock.checkOwner
FNDA:0,OwnableMock.checkOwner
DA:55,0
FN:58,OwnableMock.exec
FNDA:0,OwnableMock.exec
FNF:2
FNH:0
LF:1
LH:0
BRF:0
BRH:0
end_of_record
TN:
SF:test/foundry/utils/AddressHelper.sol
FN:29,AddressHelper.addresses
FNDA:0,AddressHelper.addresses
DA:38,0
BRDA:38,0,0,-
BRDA:38,0,1,-
DA:40,0
DA:45,0
DA:55,0
DA:59,0
BRDA:59,1,0,-
BRDA:59,1,1,-
DA:61,0
DA:66,0
DA:76,0
DA:80,0
BRDA:80,2,0,-
BRDA:80,2,1,-
DA:82,0
DA:87,0
DA:97,0
FNF:1
FNH:0
LF:12
LH:0
BRF:6
BRH:0
end_of_record
TN:
SF:test/foundry/utils/BaseTest.sol
FN:17,BaseTest._setUp
FNDA:0,BaseTest._setUp
DA:18,0
DA:19,0
DA:20,0
DA:21,0
FNF:1
FNH:0
LF:4
LH:0
BRF:0
BRH:0
end_of_record
